<?xml version="1.0" encoding="UTF-8"?>
<!-- Generated by org.testng.reporters.JUnitXMLReporter -->
<testsuite ignored="6" hostname="DESKTOP-HNEP218" failures="0" tests="1" name="Default test" time="12.337" errors="0" timestamp="2024-09-26T19:17:19 EEST">
  <testcase classname="Test_Loginpage.Login_page_Comp_Test" name="TestLoginWithValidDataByJson" time="5.503"/>
  <testcase classname="Test_Loginpage.Login_page_Comp_Test" name="TestLoginWithFakeData" time="0.0">
    <ignored/>
  </testcase> <!-- TestLoginWithFakeData -->
  <testcase classname="Test_Loginpage.Login_page_Comp_Test" name="TestExcelFileAnotherWay" time="0.0">
    <ignored/>
  </testcase> <!-- TestExcelFileAnotherWay -->
  <testcase classname="Test_Loginpage.Login_page_Comp_Test" name="CheckIfLoginPageOpened" time="0.0">
    <ignored/>
  </testcase> <!-- CheckIfLoginPageOpened -->
  <testcase classname="Test_Loginpage.Login_page_Comp_Test" name="TestExcelALLFileAnotherWay" time="0.0">
    <ignored/>
  </testcase> <!-- TestExcelALLFileAnotherWay -->
  <testcase classname="Test_Loginpage.Login_page_Comp_Test" name="CheckIfUserLogedinWithValidData" time="0.0">
    <ignored/>
  </testcase> <!-- CheckIfUserLogedinWithValidData -->
  <testcase classname="Test_Loginpage.Login_page_Comp_Test" name="CheckIfLoginPageOpened_Withheadless" time="0.0">
    <ignored/>
  </testcase> <!-- CheckIfLoginPageOpened_Withheadless -->
</testsuite> <!-- Default test -->
