<?xml version="1.0" encoding="UTF-8"?>
<testng-results ignored="0" total="1" passed="1" failed="0" skipped="0">
  <reporter-output>
  </reporter-output>
  <suite started-at="2024-09-26T19:17:07 EEST" name="Default suite" finished-at="2024-09-26T19:17:19 EEST" duration-ms="12337">
    <groups>
    </groups>
    <test started-at="2024-09-26T19:17:07 EEST" name="Default test" finished-at="2024-09-26T19:17:19 EEST" duration-ms="12337">
      <class name="Test_Loginpage.Login_page_Comp_Test">
        <test-method is-config="true" signature="OpenBrowser(org.testng.ITestResult)[pri:0, instance:Test_Loginpage.Login_page_Comp_Test@3724af13]" started-at="2024-09-26T19:17:07 EEST" name="OpenBrowser" finished-at="2024-09-26T19:17:10 EEST" duration-ms="2527" status="PASS">
          <params>
            <param index="0">
              <value>
                <![CDATA[[TestResult name={null} status=CREATED method=Login_page_Comp_Test.TestLoginWithValidDataByJson()[pri:0, instance:Test_Loginpage.Login_page_Comp_Test@3724af13] output={null}]]]>
              </value>
            </param>
          </params>
          <reporter-output>
          </reporter-output>
        </test-method> <!-- OpenBrowser -->
        <test-method signature="TestLoginWithValidDataByJson()[pri:0, instance:Test_Loginpage.Login_page_Comp_Test@3724af13]" started-at="2024-09-26T19:17:10 EEST" name="TestLoginWithValidDataByJson" finished-at="2024-09-26T19:17:15 EEST" duration-ms="5503" status="PASS">
          <reporter-output>
          </reporter-output>
        </test-method> <!-- TestLoginWithValidDataByJson -->
        <test-method is-config="true" signature="tearDown(org.testng.ITestResult)[pri:0, instance:Test_Loginpage.Login_page_Comp_Test@3724af13]" started-at="2024-09-26T19:17:15 EEST" name="tearDown" finished-at="2024-09-26T19:17:19 EEST" duration-ms="4198" status="PASS">
          <params>
            <param index="0">
              <value>
                <![CDATA[[TestResult name=TestLoginWithValidDataByJson status=SUCCESS method=Login_page_Comp_Test.TestLoginWithValidDataByJson()[pri:0, instance:Test_Loginpage.Login_page_Comp_Test@3724af13] output={null}]]]>
              </value>
            </param>
          </params>
          <reporter-output>
          </reporter-output>
        </test-method> <!-- tearDown -->
      </class> <!-- Test_Loginpage.Login_page_Comp_Test -->
    </test> <!-- Default test -->
  </suite> <!-- Default suite -->
</testng-results>
